#-----------------------------------------------------------
# Vivado v2023.1 (64-bit)
# SW Build 3865809 on Sun May  7 15:05:29 MDT 2023
# IP Build 3864474 on Sun May  7 20:36:21 MDT 2023
# SharedData Build 3865790 on Sun May 07 13:33:03 MDT 2023
# Start of session at: Sat Apr  4 12:52:57 2026
# Process ID: 21656
# Current directory: D:/XILINX_Projects/DSD_Project
# Command line: vivado.exe -mode batch -source D:/XILINX_Projects/DSD_Project/CREATE_NEW_PROJECT_HERE.tcl
# Log file: D:/XILINX_Projects/DSD_Project/vivado.log
# Journal file: D:/XILINX_Projects/DSD_Project\vivado.jou
# Running On: LAPTOP-5D0S2VO3, OS: Windows, CPU Frequency: 2096 MHz, CPU Physical cores: 12, Host memory: 7879 MB
#-----------------------------------------------------------
source D:/XILINX_Projects/DSD_Project/CREATE_NEW_PROJECT_HERE.tcl
# set ROOT {D:/XILINX_Projects/DSD_Project}
# set RTL_DIR  ${ROOT}/DSD_Project.srcs/sources_1/new
# set TB_FILE  ${ROOT}/DSD_Project.srcs/sim_1/new/tb_graph_explorer.v
# set XDC_FILE ${ROOT}/DSD_Project.srcs/constrs_1/new/basys3_pins.xdc
# set PROJ_DIR ${ROOT}/DSD_GraphExplorer
# file mkdir $PROJ_DIR
# create_project -force DSD_GraphExplorer $PROJ_DIR -part xc7a35tcpg236-1
create_project: Time (s): cpu = 00:00:07 ; elapsed = 00:00:08 . Memory (MB): peak = 432.652 ; gain = 164.477
# set_property target_language Verilog [current_project]
# catch { set_property board_part digilentinc.com:basys3:part0:1.2 [current_project] }
# catch { set_property source_mgmt_mode None [current_project] }
# set vlist [glob -nocomplain ${RTL_DIR}/*.v]
# if { [llength $vlist] == 0 } {
#   puts "ERROR: No .v files in $RTL_DIR"
#   puts "Your RTL must live there (same tree as Cursor project)."
#   exit 1
# }
# add_files -fileset sources_1 $vlist
# foreach f [get_files -of_objects [get_filesets sources_1]] {
#   set_property used_in_synthesis true $f
#   set_property used_in_implementation true $f
#   set_property used_in_simulation true $f
# }
# set_property top graph_explorer_top [get_filesets sources_1]
# if { ! [file exists $TB_FILE] } {
#   puts "ERROR: Testbench not found: $TB_FILE"
#   exit 1
# }
# add_files -fileset sim_1 $TB_FILE
# foreach f [get_files -of_objects [get_filesets sim_1]] {
#   set_property used_in_simulation true $f
# }
# set_property top tb_graph_explorer [get_filesets sim_1]
# if { [file exists $XDC_FILE] } {
#   add_files -fileset constrs_1 $XDC_FILE
# }
# update_compile_order -fileset sources_1
# update_compile_order -fileset sim_1
# save_project -force
ERROR: [Common 17-163] Missing value for option 'name', please type 'save_project_as -help' for usage info.
INFO: [Common 17-206] Exiting Vivado at Sat Apr  4 12:53:11 2026...
